<?xml version="1.0" encoding="UTF-8"?>
<!-- Generated by org.testng.reporters.JUnitReportReporter -->
<testsuite hostname="GOGU" failures="0" tests="2" name="ecommerce.Tests.ErrorValidations" time="42.668" errors="0" timestamp="2022-12-12T12:09:24 CST" skipped="0">
  <testcase classname="ecommerce.Tests.ErrorValidations" name="ProductErrorValidation" time="33.614"/>
  <system-out/>
  <testcase classname="ecommerce.Tests.ErrorValidations" name="LoginErrorValidation" time="9.054"/>
  <system-out/>
</testsuite> <!-- ecommerce.Tests.ErrorValidations -->
