<?xml version="1.0" encoding="UTF-8"?>
<!-- Generated by org.testng.reporters.JUnitReportReporter -->
<testsuite hostname="GOGU" failures="0" tests="1" name="ecommerce.Tests.ErrorValidationsTest" time="10.330" errors="0" timestamp="2022-12-16T09:03:17 CST" skipped="0">
  <testcase classname="ecommerce.Tests.ErrorValidationsTest" name="LoginErrorValidation" time="10.330"/>
  <system-out/>
</testsuite> <!-- ecommerce.Tests.ErrorValidationsTest -->
